<?xml version="1.0" encoding="UTF-8"?>
<!-- Generated by org.testng.reporters.JUnitReportReporter -->
<testsuite skipped="0" hostname="LT0088970" name="org.myhr.qa.testcases.GenerateExcelReport" tests="1" failures="0" timestamp="06 Aug 2018 09:02:33 GMT" time="1.937" errors="0">
  <testcase name="Report" time="1.937" classname="org.myhr.qa.testcases.GenerateExcelReport"/>
</testsuite> <!-- org.myhr.qa.testcases.GenerateExcelReport -->
