<?xml version="1.0" encoding="UTF-8"?>
<!-- Generated by org.testng.reporters.JUnitReportReporter -->
<testsuite skipped="0" hostname="LT0088970" name="org.myhr.qa.testcases.HomePageTest" tests="5" failures="0" timestamp="05 Sep 2018 11:19:57 GMT" time="7.321" errors="0">
  <testcase name="loginIntoApplication" time="0.201" classname="org.myhr.qa.testcases.HomePageTest"/>
  <testcase name="homePageTest" time="0.837" classname="org.myhr.qa.testcases.HomePageTest"/>
  <testcase name="servicePageTest" time="3.134" classname="org.myhr.qa.testcases.HomePageTest"/>
  <testcase name="clickOnServicesTest" time="3.107" classname="org.myhr.qa.testcases.HomePageTest"/>
  <testcase name="myHrTitleTest" time="0.042" classname="org.myhr.qa.testcases.HomePageTest"/>
</testsuite> <!-- org.myhr.qa.testcases.HomePageTest -->
