<?xml version="1.0" encoding="UTF-8"?>
<!-- Generated by org.testng.reporters.JUnitReportReporter -->
<testsuite skipped="0" hostname="LT0088970" name="org.myhr.qa.testcases.LoginPageTest" tests="3" failures="0" timestamp="23 Aug 2018 09:20:28 GMT" time="0.245" errors="0">
  <testcase name="loginIntoApplication" time="0.193" classname="org.myhr.qa.testcases.LoginPageTest"/>
  <testcase name="loginPageTitleTest" time="0.010" classname="org.myhr.qa.testcases.LoginPageTest"/>
  <testcase name="hrServicelogoTest" time="0.042" classname="org.myhr.qa.testcases.LoginPageTest"/>
</testsuite> <!-- org.myhr.qa.testcases.LoginPageTest -->
